<?xml version="1.0" encoding="UTF-8"?>
<!-- Generated by org.testng.reporters.JUnitReportReporter -->
<testsuite hostname="IBM656-PC0GLFME" name="LoginQA" tests="5" failures="0" timestamp="6 Mar 2018 08:03:44 GMT" time="5.008" errors="0">
  <testcase name="clicklogin" time="1.600" classname="LoginQA"/>
  <testcase name="enteremail" time="0.241" classname="LoginQA"/>
  <testcase name="serchbutton" time="1.409" classname="LoginQA"/>
  <testcase name="enterpassword" time="0.200" classname="LoginQA"/>
  <testcase name="clickSubmitbutton" time="1.558" classname="LoginQA"/>
</testsuite> <!-- LoginQA -->
